{"C:\\Users\\user\\Desktop\\projects\\courses\\Udemy\\vue_projects\\job-search\\src\\components\\ActionButton.vue": {"path":"C:\\Users\\user\\Desktop\\projects\\courses\\Udemy\\vue_projects\\job-search\\src\\components\\ActionButton.vue","statementMap":{"0":{"start":{"line":17,"column":15},"end":{"line":17,"column":null}}},"fnMap":{},"branchMap":{},"s":{"0":1},"f":{},"b":{}}
,"C:\\Users\\user\\Desktop\\projects\\courses\\Udemy\\vue_projects\\job-search\\src\\components\\ProfileImage.vue": {"path":"C:\\Users\\user\\Desktop\\projects\\courses\\Udemy\\vue_projects\\job-search\\src\\components\\ProfileImage.vue","statementMap":{"0":{"start":{"line":7,"column":15},"end":{"line":7,"column":null}},"1":{"start":{"line":10,"column":4},"end":{"line":10,"column":11}}},"fnMap":{"0":{"name":"(anonymous_0)","decl":{"start":{"line":9,"column":2},"end":{"line":9,"column":6}},"loc":{"start":{"line":9,"column":9},"end":{"line":13,"column":null}}}},"branchMap":{},"s":{"0":1,"1":1},"f":{"0":1},"b":{}}
}
